{
  "RSpec": {
    "coverage": {
      "/home/ubuntu/workspace/bingstays/app/helpers/application_helper.rb": [
        1,
        null
      ],
      "/home/ubuntu/workspace/bingstays/app/helpers/houses_helper.rb": [
        1,
        null
      ],
      "/home/ubuntu/workspace/bingstays/app/helpers/main_helper.rb": [
        1,
        null
      ],
      "/home/ubuntu/workspace/bingstays/app/controllers/houses_controller.rb": [
        1,
        null,
        1,
        6,
        null,
        null,
        1,
        1,
        1,
        null,
        null,
        1,
        0,
        0,
        0,
        0,
        null,
        0,
        0,
        0,
        null,
        0,
        null,
        null,
        1,
        null,
        null,
        1,
        1,
        null,
        null,
        1,
        3,
        3,
        3,
        3,
        null,
        null,
        1,
        3,
        3,
        3,
        null,
        null,
        1,
        3,
        3,
        3,
        3,
        null,
        null
      ],
      "/home/ubuntu/workspace/bingstays/app/controllers/application_controller.rb": [
        1,
        null,
        null,
        1,
        null
      ],
      "/home/ubuntu/workspace/bingstays/app/models/house.rb": [
        1,
        1,
        0,
        null,
        null
      ],
      "/home/ubuntu/workspace/bingstays/app/controllers/main_controller.rb": [
        0,
        0,
        0,
        0
      ]
    },
    "timestamp": 1511632220
  },
  "Cucumber Features": {
    "coverage": {
      "/home/ubuntu/workspace/bingstays/app/controllers/houses_controller.rb": [
        1,
        null,
        1,
        1,
        null,
        null,
        1,
        0,
        0,
        null,
        null,
        1,
        5,
        5,
        5,
        30,
        null,
        5,
        0,
        0,
        null,
        5,
        null,
        null,
        1,
        null,
        null,
        1,
        0,
        null,
        null,
        1,
        0,
        0,
        0,
        0,
        null,
        null,
        1,
        1,
        1,
        1,
        null,
        null,
        1,
        0,
        0,
        0,
        0,
        null,
        null
      ],
      "/home/ubuntu/workspace/bingstays/app/controllers/application_controller.rb": [
        1,
        null,
        null,
        1,
        null
      ],
      "/home/ubuntu/workspace/bingstays/app/helpers/application_helper.rb": [
        1,
        null
      ],
      "/home/ubuntu/workspace/bingstays/app/helpers/houses_helper.rb": [
        1,
        null
      ],
      "/home/ubuntu/workspace/bingstays/app/helpers/main_helper.rb": [
        1,
        null
      ],
      "/home/ubuntu/workspace/bingstays/app/models/house.rb": [
        1,
        1,
        5,
        null,
        null
      ],
      "/home/ubuntu/workspace/bingstays/app/controllers/main_controller.rb": [
        1,
        1,
        null,
        null
      ]
    },
    "timestamp": 1511632926
  }
}
